<?xml version="1.0" encoding="UTF-8"?>
<!-- Generated by org.testng.reporters.JUnitXMLReporter -->
<testsuite hostname="VAIO" ignored="0" name="HospitalSales Test" tests="1" failures="1" timestamp="26 Jul 2019 04:30:52 GMT" time="409.017" errors="0">
  <testcase name="SingleHSEndToEndTest" time="329.717" classname="com.archs.testCases.SingleHospitalSalesEndToEndTest">
    <failure type="org.openqa.selenium.TimeoutException" message="Expected condition failed: waiting for visibility of [[ChromeDriver: chrome on XP (b75e6c73978115fabac539de9cde186a)] -&amp;gt; css selector: #oneHeader &amp;gt; div.bBottom &amp;gt; one-appnav &amp;gt; div &amp;gt; one-app-nav-bar &amp;gt; nav &amp;gt; div &amp;gt; one-app-nav-bar-item-root:nth-child(7) &amp;gt; a] (tried for 45 second(s) with 500 milliseconds interval)
Build info: version: &amp;apos;3.14.0&amp;apos;, revision: &amp;apos;aacccce0&amp;apos;, time: &amp;apos;2018-08-02T20:19:58.91Z&amp;apos;
System info: host: &amp;apos;VAIO&amp;apos;, ip: &amp;apos;10.0.0.198&amp;apos;, os.name: &amp;apos;Windows 8.1&amp;apos;, os.arch: &amp;apos;amd64&amp;apos;, os.version: &amp;apos;6.3&amp;apos;, java.version: &amp;apos;1.8.0_191&amp;apos;
Driver info: org.openqa.selenium.chrome.ChromeDriver
Capabilities {acceptInsecureCerts: false, acceptSslCerts: false, applicationCacheEnabled: false, browserConnectionEnabled: false, browserName: chrome, chrome: {chromedriverVersion: 2.43.600210 (68dcf5eebde371..., userDataDir: C:\WINDOWS\TEMP\scoped_dir8...}, cssSelectorsEnabled: true, databaseEnabled: false, goog:chromeOptions: {debuggerAddress: localhost:61466}, handlesAlerts: true, hasTouchScreen: false, javascriptEnabled: true, locationContextEnabled: true, mobileEmulationEnabled: false, nativeEvents: true, networkConnectionEnabled: false, pageLoadStrategy: normal, platform: XP, platformName: XP, rotatable: false, setWindowRect: true, takesHeapSnapshot: true, takesScreenshot: true, unexpectedAlertBehaviour: , unhandledPromptBehavior: , version: 75.0.3770.142, webStorageEnabled: true}
Session ID: b75e6c73978115fabac539de9cde186a">
      <![CDATA[org.openqa.selenium.TimeoutException: Expected condition failed: waiting for visibility of [[ChromeDriver: chrome on XP (b75e6c73978115fabac539de9cde186a)] -> css selector: #oneHeader > div.bBottom > one-appnav > div > one-app-nav-bar > nav > div > one-app-nav-bar-item-root:nth-child(7) > a] (tried for 45 second(s) with 500 milliseconds interval)
Build info: version: '3.14.0', revision: 'aacccce0', time: '2018-08-02T20:19:58.91Z'
System info: host: 'VAIO', ip: '10.0.0.198', os.name: 'Windows 8.1', os.arch: 'amd64', os.version: '6.3', java.version: '1.8.0_191'
Driver info: org.openqa.selenium.chrome.ChromeDriver
Capabilities {acceptInsecureCerts: false, acceptSslCerts: false, applicationCacheEnabled: false, browserConnectionEnabled: false, browserName: chrome, chrome: {chromedriverVersion: 2.43.600210 (68dcf5eebde371..., userDataDir: C:\WINDOWS\TEMP\scoped_dir8...}, cssSelectorsEnabled: true, databaseEnabled: false, goog:chromeOptions: {debuggerAddress: localhost:61466}, handlesAlerts: true, hasTouchScreen: false, javascriptEnabled: true, locationContextEnabled: true, mobileEmulationEnabled: false, nativeEvents: true, networkConnectionEnabled: false, pageLoadStrategy: normal, platform: XP, platformName: XP, rotatable: false, setWindowRect: true, takesHeapSnapshot: true, takesScreenshot: true, unexpectedAlertBehaviour: , unhandledPromptBehavior: , version: 75.0.3770.142, webStorageEnabled: true}
Session ID: b75e6c73978115fabac539de9cde186a
at org.openqa.selenium.support.ui.WebDriverWait.timeoutException(WebDriverWait.java:113)
at org.openqa.selenium.support.ui.FluentWait.until(FluentWait.java:283)
at com.archs.pageObjects.HospitalSalesAccountDetailsPage.clickOnContractAssessmentLink(HospitalSalesAccountDetailsPage.java:219)
at com.archs.testCases.SingleHospitalSalesEndToEndTest.SingleHSEndToEndTest(SingleHospitalSalesEndToEndTest.java:100)
... Removed 28 stack frames]]>
    </failure>
  </testcase> <!-- SingleHSEndToEndTest -->
</testsuite> <!-- HospitalSales Test -->
