<?xml version="1.0" encoding="UTF-8"?>
<testng-results skipped="0" failed="0" ignored="0" total="1" passed="1">
  <reporter-output>
  </reporter-output>
  <suite name="ARC HospitalSales" duration-ms="537819" started-at="2019-07-24T23:17:49Z" finished-at="2019-07-24T23:26:47Z">
    <groups>
    </groups>
    <test name="HospitalSales Test" duration-ms="537819" started-at="2019-07-24T23:17:49Z" finished-at="2019-07-24T23:26:47Z">
      <class name="com.archs.testCases.SingleHospitalSalesEndToEndTest">
        <test-method status="PASS" signature="setup(java.lang.String)[pri:0, instance:com.archs.testCases.SingleHospitalSalesEndToEndTest@511baa65]" name="setup" is-config="true" duration-ms="156297" started-at="2019-07-24T23:17:49Z" finished-at="2019-07-24T23:20:26Z">
          <params>
            <param index="0">
              <value>
                <![CDATA[chrome]]>
              </value>
            </param>
          </params>
          <reporter-output>
          </reporter-output>
        </test-method> <!-- setup -->
        <test-method status="PASS" signature="SingleHSEndToEndTest()[pri:0, instance:com.archs.testCases.SingleHospitalSalesEndToEndTest@511baa65]" name="SingleHSEndToEndTest" duration-ms="379777" started-at="2019-07-24T23:20:26Z" finished-at="2019-07-24T23:26:46Z">
          <reporter-output>
          </reporter-output>
        </test-method> <!-- SingleHSEndToEndTest -->
        <test-method status="PASS" signature="tearDown()[pri:0, instance:com.archs.testCases.SingleHospitalSalesEndToEndTest@511baa65]" name="tearDown" is-config="true" duration-ms="1075" started-at="2019-07-24T23:26:46Z" finished-at="2019-07-24T23:26:47Z">
          <reporter-output>
          </reporter-output>
        </test-method> <!-- tearDown -->
      </class> <!-- com.archs.testCases.SingleHospitalSalesEndToEndTest -->
    </test> <!-- HospitalSales Test -->
  </suite> <!-- ARC HospitalSales -->
</testng-results>
