<?xml version="1.0" encoding="UTF-8"?>
<testng-results skipped="0" failed="1" ignored="0" total="1" passed="0">
  <reporter-output>
  </reporter-output>
  <suite name="ARC HospitalSales" duration-ms="181227" started-at="2019-11-04T10:42:28Z" finished-at="2019-11-04T10:45:29Z">
    <groups>
    </groups>
    <test name="HospitalSales Test" duration-ms="181227" started-at="2019-11-04T10:42:28Z" finished-at="2019-11-04T10:45:29Z">
      <class name="com.archs.testCases.SingleHospitalSalesPriceListAndContractDetailsTabValidationTest">
        <test-method status="PASS" signature="setup(java.lang.String)[pri:0, instance:com.archs.testCases.SingleHospitalSalesPriceListAndContractDetailsTabValidationTest@7d9d1a19]" name="setup" is-config="true" duration-ms="43171" started-at="2019-11-04T10:42:28Z" finished-at="2019-11-04T10:43:11Z">
          <params>
            <param index="0">
              <value>
                <![CDATA[chrome]]>
              </value>
            </param>
          </params>
          <reporter-output>
          </reporter-output>
        </test-method> <!-- setup -->
        <test-method status="FAIL" signature="SingleHSPriceListAndCATDetailsTabValidationTest()[pri:0, instance:com.archs.testCases.SingleHospitalSalesPriceListAndContractDetailsTabValidationTest@7d9d1a19]" name="SingleHSPriceListAndCATDetailsTabValidationTest" duration-ms="129862" started-at="2019-11-04T10:43:11Z" finished-at="2019-11-04T10:45:21Z">
          <exception class="org.openqa.selenium.ElementClickInterceptedException">
            <message>
              <![CDATA[element click intercepted: Element <a data-aura-rendered-by="1099:0" href="javascript:void(0);" role="menuitem" aria-disabled="false" tabindex="0" title="Approve">...</a> is not clickable at point (1316, 277). Other element would receive the click: <one-record-home-flexipage2 data-aura-rendered-by="752:0" one-recordhomeflexipage2_recordhomeflexipage2-host=""></one-record-home-flexipage2>
  (Session info: chrome=77.0.3865.90)
Build info: version: '3.14.0', revision: 'aacccce0', time: '2018-08-02T20:19:58.91Z'
System info: host: 'VAIO', ip: '10.0.0.198', os.name: 'Windows 8.1', os.arch: 'amd64', os.version: '6.3', java.version: '1.8.0_191'
Driver info: org.openqa.selenium.chrome.ChromeDriver
Capabilities {acceptInsecureCerts: false, browserName: chrome, browserVersion: 77.0.3865.90, chrome: {chromedriverVersion: 76.0.3809.68 (420c9498db8ce..., userDataDir: C:\Users\Dwaraka\AppData\Lo...}, goog:chromeOptions: {debuggerAddress: localhost:53867}, javascriptEnabled: true, networkConnectionEnabled: false, pageLoadStrategy: normal, platform: XP, platformName: XP, proxy: Proxy(), setWindowRect: true, strictFileInteractability: false, timeouts: {implicit: 0, pageLoad: 300000, script: 30000}, unhandledPromptBehavior: dismiss and notify}
Session ID: 7febf46219853971f6fc5f68184b237b]]>
            </message>
            <full-stacktrace>
              <![CDATA[org.openqa.selenium.ElementClickInterceptedException: element click intercepted: Element <a data-aura-rendered-by="1099:0" href="javascript:void(0);" role="menuitem" aria-disabled="false" tabindex="0" title="Approve">...</a> is not clickable at point (1316, 277). Other element would receive the click: <one-record-home-flexipage2 data-aura-rendered-by="752:0" one-recordhomeflexipage2_recordhomeflexipage2-host=""></one-record-home-flexipage2>
  (Session info: chrome=77.0.3865.90)
Build info: version: '3.14.0', revision: 'aacccce0', time: '2018-08-02T20:19:58.91Z'
System info: host: 'VAIO', ip: '10.0.0.198', os.name: 'Windows 8.1', os.arch: 'amd64', os.version: '6.3', java.version: '1.8.0_191'
Driver info: org.openqa.selenium.chrome.ChromeDriver
Capabilities {acceptInsecureCerts: false, browserName: chrome, browserVersion: 77.0.3865.90, chrome: {chromedriverVersion: 76.0.3809.68 (420c9498db8ce..., userDataDir: C:\Users\Dwaraka\AppData\Lo...}, goog:chromeOptions: {debuggerAddress: localhost:53867}, javascriptEnabled: true, networkConnectionEnabled: false, pageLoadStrategy: normal, platform: XP, platformName: XP, proxy: Proxy(), setWindowRect: true, strictFileInteractability: false, timeouts: {implicit: 0, pageLoad: 300000, script: 30000}, unhandledPromptBehavior: dismiss and notify}
Session ID: 7febf46219853971f6fc5f68184b237b
at sun.reflect.NativeConstructorAccessorImpl.newInstance0(Native Method)
at sun.reflect.NativeConstructorAccessorImpl.newInstance(NativeConstructorAccessorImpl.java:62)
at sun.reflect.DelegatingConstructorAccessorImpl.newInstance(DelegatingConstructorAccessorImpl.java:45)
at java.lang.reflect.Constructor.newInstance(Constructor.java:423)
at org.openqa.selenium.remote.http.W3CHttpResponseCodec.createException(W3CHttpResponseCodec.java:187)
at org.openqa.selenium.remote.http.W3CHttpResponseCodec.decode(W3CHttpResponseCodec.java:122)
at org.openqa.selenium.remote.http.W3CHttpResponseCodec.decode(W3CHttpResponseCodec.java:49)
at org.openqa.selenium.remote.HttpCommandExecutor.execute(HttpCommandExecutor.java:158)
at org.openqa.selenium.remote.service.DriverCommandExecutor.execute(DriverCommandExecutor.java:83)
at org.openqa.selenium.remote.RemoteWebDriver.execute(RemoteWebDriver.java:548)
at org.openqa.selenium.remote.RemoteWebElement.execute(RemoteWebElement.java:276)
at org.openqa.selenium.remote.RemoteWebElement.click(RemoteWebElement.java:83)
at sun.reflect.NativeMethodAccessorImpl.invoke0(Native Method)
at sun.reflect.NativeMethodAccessorImpl.invoke(NativeMethodAccessorImpl.java:62)
at sun.reflect.DelegatingMethodAccessorImpl.invoke(DelegatingMethodAccessorImpl.java:43)
at java.lang.reflect.Method.invoke(Method.java:498)
at org.openqa.selenium.support.pagefactory.internal.LocatingElementHandler.invoke(LocatingElementHandler.java:51)
at com.sun.proxy.$Proxy11.click(Unknown Source)
at com.archs.pageObjects.HospitalSalesContractAssessmentPage.clickOnApproveLink(HospitalSalesContractAssessmentPage.java:299)
at com.archs.testCases.SingleHospitalSalesPriceListAndContractDetailsTabValidationTest.SingleHSPriceListAndCATDetailsTabValidationTest(SingleHospitalSalesPriceListAndContractDetailsTabValidationTest.java:125)
at sun.reflect.NativeMethodAccessorImpl.invoke0(Native Method)
at sun.reflect.NativeMethodAccessorImpl.invoke(NativeMethodAccessorImpl.java:62)
at sun.reflect.DelegatingMethodAccessorImpl.invoke(DelegatingMethodAccessorImpl.java:43)
at java.lang.reflect.Method.invoke(Method.java:498)
at org.testng.internal.MethodInvocationHelper.invokeMethod(MethodInvocationHelper.java:124)
at org.testng.internal.Invoker.invokeMethod(Invoker.java:583)
at org.testng.internal.Invoker.invokeTestMethod(Invoker.java:719)
at org.testng.internal.Invoker.invokeTestMethods(Invoker.java:989)
at org.testng.internal.TestMethodWorker.invokeTestMethods(TestMethodWorker.java:125)
at org.testng.internal.TestMethodWorker.run(TestMethodWorker.java:109)
at org.testng.TestRunner.privateRun(TestRunner.java:648)
at org.testng.TestRunner.run(TestRunner.java:505)
at org.testng.SuiteRunner.runTest(SuiteRunner.java:455)
at org.testng.SuiteRunner.runSequentially(SuiteRunner.java:450)
at org.testng.SuiteRunner.privateRun(SuiteRunner.java:415)
at org.testng.SuiteRunner.run(SuiteRunner.java:364)
at org.testng.SuiteRunnerWorker.runSuite(SuiteRunnerWorker.java:52)
at org.testng.SuiteRunnerWorker.run(SuiteRunnerWorker.java:84)
at org.testng.TestNG.runSuitesSequentially(TestNG.java:1208)
at org.testng.TestNG.runSuitesLocally(TestNG.java:1137)
at org.testng.TestNG.runSuites(TestNG.java:1049)
at org.testng.TestNG.run(TestNG.java:1017)
at org.testng.remote.AbstractRemoteTestNG.run(AbstractRemoteTestNG.java:114)
at org.testng.remote.RemoteTestNG.initAndRun(RemoteTestNG.java:251)
at org.testng.remote.RemoteTestNG.main(RemoteTestNG.java:77)
]]>
            </full-stacktrace>
          </exception> <!-- org.openqa.selenium.ElementClickInterceptedException -->
          <reporter-output>
          </reporter-output>
        </test-method> <!-- SingleHSPriceListAndCATDetailsTabValidationTest -->
        <test-method status="PASS" signature="tearDown()[pri:0, instance:com.archs.testCases.SingleHospitalSalesPriceListAndContractDetailsTabValidationTest@7d9d1a19]" name="tearDown" is-config="true" duration-ms="7270" started-at="2019-11-04T10:45:22Z" finished-at="2019-11-04T10:45:29Z">
          <reporter-output>
          </reporter-output>
        </test-method> <!-- tearDown -->
      </class> <!-- com.archs.testCases.SingleHospitalSalesPriceListAndContractDetailsTabValidationTest -->
    </test> <!-- HospitalSales Test -->
  </suite> <!-- ARC HospitalSales -->
</testng-results>
