<?xml version="1.0" encoding="UTF-8"?>
<testng-results skipped="0" failed="0" ignored="0" total="1" passed="1">
  <reporter-output>
  </reporter-output>
  <suite name="ARC HospitalSales" duration-ms="504100" started-at="2019-07-23T14:43:37Z" finished-at="2019-07-23T14:52:01Z">
    <groups>
    </groups>
    <test name="HospitalSales Test" duration-ms="504100" started-at="2019-07-23T14:43:37Z" finished-at="2019-07-23T14:52:01Z">
      <class name="com.archs.testCases.SingleHospitalSalesEndToEndTest">
        <test-method status="PASS" signature="setup(java.lang.String)[pri:0, instance:com.archs.testCases.SingleHospitalSalesEndToEndTest@7d9d1a19]" name="setup" is-config="true" duration-ms="50322" started-at="2019-07-23T14:43:37Z" finished-at="2019-07-23T14:44:27Z">
          <params>
            <param index="0">
              <value>
                <![CDATA[chrome]]>
              </value>
            </param>
          </params>
          <reporter-output>
          </reporter-output>
        </test-method> <!-- setup -->
        <test-method status="PASS" signature="SingleHSEndToEndTest()[pri:0, instance:com.archs.testCases.SingleHospitalSalesEndToEndTest@7d9d1a19]" name="SingleHSEndToEndTest" duration-ms="446257" started-at="2019-07-23T14:44:28Z" finished-at="2019-07-23T14:51:54Z">
          <reporter-output>
          </reporter-output>
        </test-method> <!-- SingleHSEndToEndTest -->
        <test-method status="PASS" signature="tearDown()[pri:0, instance:com.archs.testCases.SingleHospitalSalesEndToEndTest@7d9d1a19]" name="tearDown" is-config="true" duration-ms="6739" started-at="2019-07-23T14:51:54Z" finished-at="2019-07-23T14:52:01Z">
          <reporter-output>
          </reporter-output>
        </test-method> <!-- tearDown -->
      </class> <!-- com.archs.testCases.SingleHospitalSalesEndToEndTest -->
    </test> <!-- HospitalSales Test -->
  </suite> <!-- ARC HospitalSales -->
</testng-results>
